{"/Users/jinxu/Desktop/0MS1Student/server/routes.js": {"path":"/Users/jinxu/Desktop/0MS1Student/server/routes.js","statementMap":{"0":{"start":{"line":1,"column":15},"end":{"line":1,"column":39}},"1":{"start":{"line":2,"column":14},"end":{"line":2,"column":30}},"2":{"start":{"line":3,"column":10},"end":{"line":3,"column":28}},"3":{"start":{"line":6,"column":19},"end":{"line":12,"column":2}},"4":{"start":{"line":13,"column":0},"end":{"line":13,"column":21}},"5":{"start":{"line":23,"column":4},"end":{"line":27,"column":5}},"6":{"start":{"line":24,"column":8},"end":{"line":24,"column":73}},"7":{"start":{"line":26,"column":8},"end":{"line":26,"column":54}},"8":{"start":{"line":37,"column":19},"end":{"line":37,"column":43}},"9":{"start":{"line":38,"column":26},"end":{"line":38,"column":60}},"10":{"start":{"line":39,"column":17},"end":{"line":39,"column":59}},"11":{"start":{"line":41,"column":4},"end":{"line":51,"column":5}},"12":{"start":{"line":43,"column":8},"end":{"line":43,"column":78}},"13":{"start":{"line":44,"column":11},"end":{"line":51,"column":5}},"14":{"start":{"line":45,"column":32},"end":{"line":45,"column":61}},"15":{"start":{"line":47,"column":8},"end":{"line":47,"column":89}},"16":{"start":{"line":50,"column":8},"end":{"line":50,"column":69}},"17":{"start":{"line":65,"column":19},"end":{"line":65,"column":63}},"18":{"start":{"line":68,"column":4},"end":{"line":104,"column":5}},"19":{"start":{"line":72,"column":18},"end":{"line":72,"column":62}},"20":{"start":{"line":73,"column":20},"end":{"line":73,"column":46}},"21":{"start":{"line":75,"column":8},"end":{"line":87,"column":11}},"22":{"start":{"line":81,"column":12},"end":{"line":86,"column":13}},"23":{"start":{"line":82,"column":16},"end":{"line":82,"column":34}},"24":{"start":{"line":83,"column":16},"end":{"line":83,"column":41}},"25":{"start":{"line":84,"column":18},"end":{"line":86,"column":13}},"26":{"start":{"line":85,"column":16},"end":{"line":85,"column":45}},"27":{"start":{"line":92,"column":8},"end":{"line":103,"column":11}},"28":{"start":{"line":97,"column":12},"end":{"line":102,"column":13}},"29":{"start":{"line":98,"column":16},"end":{"line":98,"column":34}},"30":{"start":{"line":99,"column":16},"end":{"line":99,"column":42}},"31":{"start":{"line":100,"column":19},"end":{"line":102,"column":13}},"32":{"start":{"line":101,"column":16},"end":{"line":101,"column":46}},"33":{"start":{"line":111,"column":4},"end":{"line":143,"column":5}},"34":{"start":{"line":113,"column":18},"end":{"line":113,"column":62}},"35":{"start":{"line":114,"column":20},"end":{"line":114,"column":46}},"36":{"start":{"line":115,"column":20},"end":{"line":118,"column":38}},"37":{"start":{"line":119,"column":8},"end":{"line":127,"column":11}},"38":{"start":{"line":121,"column":12},"end":{"line":126,"column":13}},"39":{"start":{"line":122,"column":16},"end":{"line":122,"column":34}},"40":{"start":{"line":123,"column":16},"end":{"line":123,"column":41}},"41":{"start":{"line":124,"column":18},"end":{"line":126,"column":13}},"42":{"start":{"line":125,"column":16},"end":{"line":125,"column":45}},"43":{"start":{"line":132,"column":8},"end":{"line":142,"column":11}},"44":{"start":{"line":136,"column":12},"end":{"line":141,"column":13}},"45":{"start":{"line":137,"column":16},"end":{"line":137,"column":34}},"46":{"start":{"line":138,"column":16},"end":{"line":138,"column":42}},"47":{"start":{"line":139,"column":19},"end":{"line":141,"column":13}},"48":{"start":{"line":140,"column":16},"end":{"line":140,"column":46}},"49":{"start":{"line":155,"column":4},"end":{"line":176,"column":5}},"50":{"start":{"line":157,"column":20},"end":{"line":157,"column":32}},"51":{"start":{"line":158,"column":20},"end":{"line":163,"column":34}},"52":{"start":{"line":164,"column":8},"end":{"line":172,"column":11}},"53":{"start":{"line":166,"column":12},"end":{"line":171,"column":13}},"54":{"start":{"line":167,"column":16},"end":{"line":167,"column":34}},"55":{"start":{"line":168,"column":16},"end":{"line":168,"column":40}},"56":{"start":{"line":170,"column":16},"end":{"line":170,"column":45}},"57":{"start":{"line":175,"column":8},"end":{"line":175,"column":65}},"58":{"start":{"line":187,"column":4},"end":{"line":221,"column":5}},"59":{"start":{"line":189,"column":20},"end":{"line":189,"column":32}},"60":{"start":{"line":190,"column":20},"end":{"line":194,"column":58}},"61":{"start":{"line":195,"column":8},"end":{"line":217,"column":11}},"62":{"start":{"line":197,"column":12},"end":{"line":216,"column":13}},"63":{"start":{"line":198,"column":16},"end":{"line":198,"column":34}},"64":{"start":{"line":199,"column":16},"end":{"line":199,"column":40}},"65":{"start":{"line":200,"column":18},"end":{"line":216,"column":13}},"66":{"start":{"line":201,"column":16},"end":{"line":201,"column":45}},"67":{"start":{"line":203,"column":30},"end":{"line":207,"column":67}},"68":{"start":{"line":208,"column":16},"end":{"line":215,"column":18}},"69":{"start":{"line":209,"column":20},"end":{"line":214,"column":21}},"70":{"start":{"line":210,"column":24},"end":{"line":210,"column":42}},"71":{"start":{"line":211,"column":24},"end":{"line":211,"column":48}},"72":{"start":{"line":213,"column":24},"end":{"line":213,"column":53}},"73":{"start":{"line":220,"column":8},"end":{"line":220,"column":66}},"74":{"start":{"line":233,"column":17},"end":{"line":233,"column":53}},"75":{"start":{"line":234,"column":17},"end":{"line":234,"column":53}},"76":{"start":{"line":236,"column":4},"end":{"line":272,"column":5}},"77":{"start":{"line":238,"column":20},"end":{"line":238,"column":64}},"78":{"start":{"line":239,"column":22},"end":{"line":239,"column":48}},"79":{"start":{"line":241,"column":20},"end":{"line":245,"column":37}},"80":{"start":{"line":247,"column":8},"end":{"line":255,"column":11}},"81":{"start":{"line":249,"column":12},"end":{"line":254,"column":13}},"82":{"start":{"line":250,"column":16},"end":{"line":250,"column":34}},"83":{"start":{"line":251,"column":16},"end":{"line":251,"column":41}},"84":{"start":{"line":253,"column":16},"end":{"line":253,"column":45}},"85":{"start":{"line":260,"column":8},"end":{"line":271,"column":11}},"86":{"start":{"line":265,"column":12},"end":{"line":270,"column":13}},"87":{"start":{"line":266,"column":16},"end":{"line":266,"column":34}},"88":{"start":{"line":267,"column":16},"end":{"line":267,"column":42}},"89":{"start":{"line":269,"column":16},"end":{"line":269,"column":46}},"90":{"start":{"line":282,"column":17},"end":{"line":282,"column":62}},"91":{"start":{"line":283,"column":18},"end":{"line":283,"column":67}},"92":{"start":{"line":284,"column":17},"end":{"line":284,"column":68}},"93":{"start":{"line":285,"column":18},"end":{"line":285,"column":73}},"94":{"start":{"line":286,"column":17},"end":{"line":286,"column":53}},"95":{"start":{"line":287,"column":20},"end":{"line":287,"column":70}},"96":{"start":{"line":288,"column":17},"end":{"line":288,"column":53}},"97":{"start":{"line":290,"column":4},"end":{"line":328,"column":5}},"98":{"start":{"line":292,"column":20},"end":{"line":292,"column":64}},"99":{"start":{"line":293,"column":22},"end":{"line":293,"column":48}},"100":{"start":{"line":295,"column":20},"end":{"line":300,"column":37}},"101":{"start":{"line":302,"column":8},"end":{"line":310,"column":11}},"102":{"start":{"line":304,"column":12},"end":{"line":309,"column":13}},"103":{"start":{"line":305,"column":16},"end":{"line":305,"column":34}},"104":{"start":{"line":306,"column":16},"end":{"line":306,"column":41}},"105":{"start":{"line":308,"column":16},"end":{"line":308,"column":45}},"106":{"start":{"line":315,"column":8},"end":{"line":327,"column":11}},"107":{"start":{"line":321,"column":12},"end":{"line":326,"column":13}},"108":{"start":{"line":322,"column":16},"end":{"line":322,"column":34}},"109":{"start":{"line":323,"column":16},"end":{"line":323,"column":42}},"110":{"start":{"line":325,"column":16},"end":{"line":325,"column":46}},"111":{"start":{"line":332,"column":0},"end":{"line":341,"column":1}}},"fnMap":{"0":{"name":"hello","decl":{"start":{"line":21,"column":15},"end":{"line":21,"column":20}},"loc":{"start":{"line":21,"column":31},"end":{"line":28,"column":1}},"line":21},"1":{"name":"jersey","decl":{"start":{"line":36,"column":15},"end":{"line":36,"column":21}},"loc":{"start":{"line":36,"column":32},"end":{"line":52,"column":1}},"line":36},"2":{"name":"all_matches","decl":{"start":{"line":60,"column":15},"end":{"line":60,"column":26}},"loc":{"start":{"line":60,"column":37},"end":{"line":105,"column":1}},"line":60},"3":{"name":"(anonymous_3)","decl":{"start":{"line":79,"column":40},"end":{"line":79,"column":41}},"loc":{"start":{"line":79,"column":73},"end":{"line":87,"column":9}},"line":79},"4":{"name":"(anonymous_4)","decl":{"start":{"line":95,"column":38},"end":{"line":95,"column":39}},"loc":{"start":{"line":95,"column":72},"end":{"line":103,"column":9}},"line":95},"5":{"name":"all_players","decl":{"start":{"line":108,"column":15},"end":{"line":108,"column":26}},"loc":{"start":{"line":108,"column":37},"end":{"line":145,"column":1}},"line":108},"6":{"name":"(anonymous_6)","decl":{"start":{"line":119,"column":32},"end":{"line":119,"column":33}},"loc":{"start":{"line":119,"column":65},"end":{"line":127,"column":9}},"line":119},"7":{"name":"(anonymous_7)","decl":{"start":{"line":134,"column":24},"end":{"line":134,"column":25}},"loc":{"start":{"line":134,"column":58},"end":{"line":142,"column":9}},"line":134},"8":{"name":"match","decl":{"start":{"line":153,"column":15},"end":{"line":153,"column":20}},"loc":{"start":{"line":153,"column":31},"end":{"line":178,"column":1}},"line":153},"9":{"name":"(anonymous_9)","decl":{"start":{"line":164,"column":32},"end":{"line":164,"column":33}},"loc":{"start":{"line":164,"column":65},"end":{"line":172,"column":9}},"line":164},"10":{"name":"player","decl":{"start":{"line":185,"column":15},"end":{"line":185,"column":21}},"loc":{"start":{"line":185,"column":32},"end":{"line":222,"column":1}},"line":185},"11":{"name":"(anonymous_11)","decl":{"start":{"line":195,"column":32},"end":{"line":195,"column":33}},"loc":{"start":{"line":195,"column":65},"end":{"line":217,"column":9}},"line":195},"12":{"name":"(anonymous_12)","decl":{"start":{"line":208,"column":42},"end":{"line":208,"column":43}},"loc":{"start":{"line":208,"column":74},"end":{"line":215,"column":17}},"line":208},"13":{"name":"search_matches","decl":{"start":{"line":230,"column":15},"end":{"line":230,"column":29}},"loc":{"start":{"line":230,"column":40},"end":{"line":276,"column":1}},"line":230},"14":{"name":"(anonymous_14)","decl":{"start":{"line":247,"column":32},"end":{"line":247,"column":33}},"loc":{"start":{"line":247,"column":65},"end":{"line":255,"column":9}},"line":247},"15":{"name":"(anonymous_15)","decl":{"start":{"line":263,"column":31},"end":{"line":263,"column":32}},"loc":{"start":{"line":263,"column":65},"end":{"line":271,"column":9}},"line":263},"16":{"name":"search_players","decl":{"start":{"line":279,"column":15},"end":{"line":279,"column":29}},"loc":{"start":{"line":279,"column":40},"end":{"line":330,"column":1}},"line":279},"17":{"name":"(anonymous_17)","decl":{"start":{"line":302,"column":32},"end":{"line":302,"column":33}},"loc":{"start":{"line":302,"column":65},"end":{"line":310,"column":9}},"line":302},"18":{"name":"(anonymous_18)","decl":{"start":{"line":319,"column":24},"end":{"line":319,"column":25}},"loc":{"start":{"line":319,"column":58},"end":{"line":327,"column":9}},"line":319}},"branchMap":{"0":{"loc":{"start":{"line":23,"column":4},"end":{"line":27,"column":5}},"type":"if","locations":[{"start":{"line":23,"column":4},"end":{"line":27,"column":5}},{"start":{"line":23,"column":4},"end":{"line":27,"column":5}}],"line":23},"1":{"loc":{"start":{"line":39,"column":17},"end":{"line":39,"column":59}},"type":"cond-expr","locations":[{"start":{"line":39,"column":34},"end":{"line":39,"column":48}},{"start":{"line":39,"column":51},"end":{"line":39,"column":59}}],"line":39},"2":{"loc":{"start":{"line":41,"column":4},"end":{"line":51,"column":5}},"type":"if","locations":[{"start":{"line":41,"column":4},"end":{"line":51,"column":5}},{"start":{"line":41,"column":4},"end":{"line":51,"column":5}}],"line":41},"3":{"loc":{"start":{"line":44,"column":11},"end":{"line":51,"column":5}},"type":"if","locations":[{"start":{"line":44,"column":11},"end":{"line":51,"column":5}},{"start":{"line":44,"column":11},"end":{"line":51,"column":5}}],"line":44},"4":{"loc":{"start":{"line":65,"column":19},"end":{"line":65,"column":63}},"type":"cond-expr","locations":[{"start":{"line":65,"column":39},"end":{"line":65,"column":56}},{"start":{"line":65,"column":59},"end":{"line":65,"column":63}}],"line":65},"5":{"loc":{"start":{"line":68,"column":4},"end":{"line":104,"column":5}},"type":"if","locations":[{"start":{"line":68,"column":4},"end":{"line":104,"column":5}},{"start":{"line":68,"column":4},"end":{"line":104,"column":5}}],"line":68},"6":{"loc":{"start":{"line":68,"column":8},"end":{"line":68,"column":48}},"type":"binary-expr","locations":[{"start":{"line":68,"column":8},"end":{"line":68,"column":22}},{"start":{"line":68,"column":26},"end":{"line":68,"column":48}}],"line":68},"7":{"loc":{"start":{"line":72,"column":18},"end":{"line":72,"column":62}},"type":"cond-expr","locations":[{"start":{"line":72,"column":39},"end":{"line":72,"column":57}},{"start":{"line":72,"column":60},"end":{"line":72,"column":62}}],"line":72},"8":{"loc":{"start":{"line":81,"column":12},"end":{"line":86,"column":13}},"type":"if","locations":[{"start":{"line":81,"column":12},"end":{"line":86,"column":13}},{"start":{"line":81,"column":12},"end":{"line":86,"column":13}}],"line":81},"9":{"loc":{"start":{"line":84,"column":18},"end":{"line":86,"column":13}},"type":"if","locations":[{"start":{"line":84,"column":18},"end":{"line":86,"column":13}},{"start":{"line":84,"column":18},"end":{"line":86,"column":13}}],"line":84},"10":{"loc":{"start":{"line":97,"column":12},"end":{"line":102,"column":13}},"type":"if","locations":[{"start":{"line":97,"column":12},"end":{"line":102,"column":13}},{"start":{"line":97,"column":12},"end":{"line":102,"column":13}}],"line":97},"11":{"loc":{"start":{"line":100,"column":19},"end":{"line":102,"column":13}},"type":"if","locations":[{"start":{"line":100,"column":19},"end":{"line":102,"column":13}},{"start":{"line":100,"column":19},"end":{"line":102,"column":13}}],"line":100},"12":{"loc":{"start":{"line":111,"column":4},"end":{"line":143,"column":5}},"type":"if","locations":[{"start":{"line":111,"column":4},"end":{"line":143,"column":5}},{"start":{"line":111,"column":4},"end":{"line":143,"column":5}}],"line":111},"13":{"loc":{"start":{"line":111,"column":8},"end":{"line":111,"column":48}},"type":"binary-expr","locations":[{"start":{"line":111,"column":8},"end":{"line":111,"column":22}},{"start":{"line":111,"column":26},"end":{"line":111,"column":48}}],"line":111},"14":{"loc":{"start":{"line":113,"column":18},"end":{"line":113,"column":62}},"type":"cond-expr","locations":[{"start":{"line":113,"column":39},"end":{"line":113,"column":57}},{"start":{"line":113,"column":60},"end":{"line":113,"column":62}}],"line":113},"15":{"loc":{"start":{"line":121,"column":12},"end":{"line":126,"column":13}},"type":"if","locations":[{"start":{"line":121,"column":12},"end":{"line":126,"column":13}},{"start":{"line":121,"column":12},"end":{"line":126,"column":13}}],"line":121},"16":{"loc":{"start":{"line":124,"column":18},"end":{"line":126,"column":13}},"type":"if","locations":[{"start":{"line":124,"column":18},"end":{"line":126,"column":13}},{"start":{"line":124,"column":18},"end":{"line":126,"column":13}}],"line":124},"17":{"loc":{"start":{"line":136,"column":12},"end":{"line":141,"column":13}},"type":"if","locations":[{"start":{"line":136,"column":12},"end":{"line":141,"column":13}},{"start":{"line":136,"column":12},"end":{"line":141,"column":13}}],"line":136},"18":{"loc":{"start":{"line":139,"column":19},"end":{"line":141,"column":13}},"type":"if","locations":[{"start":{"line":139,"column":19},"end":{"line":141,"column":13}},{"start":{"line":139,"column":19},"end":{"line":141,"column":13}}],"line":139},"19":{"loc":{"start":{"line":155,"column":4},"end":{"line":176,"column":5}},"type":"if","locations":[{"start":{"line":155,"column":4},"end":{"line":176,"column":5}},{"start":{"line":155,"column":4},"end":{"line":176,"column":5}}],"line":155},"20":{"loc":{"start":{"line":155,"column":8},"end":{"line":155,"column":44}},"type":"binary-expr","locations":[{"start":{"line":155,"column":8},"end":{"line":155,"column":20}},{"start":{"line":155,"column":24},"end":{"line":155,"column":44}}],"line":155},"21":{"loc":{"start":{"line":166,"column":12},"end":{"line":171,"column":13}},"type":"if","locations":[{"start":{"line":166,"column":12},"end":{"line":171,"column":13}},{"start":{"line":166,"column":12},"end":{"line":171,"column":13}}],"line":166},"22":{"loc":{"start":{"line":187,"column":4},"end":{"line":221,"column":5}},"type":"if","locations":[{"start":{"line":187,"column":4},"end":{"line":221,"column":5}},{"start":{"line":187,"column":4},"end":{"line":221,"column":5}}],"line":187},"23":{"loc":{"start":{"line":187,"column":8},"end":{"line":187,"column":44}},"type":"binary-expr","locations":[{"start":{"line":187,"column":8},"end":{"line":187,"column":20}},{"start":{"line":187,"column":24},"end":{"line":187,"column":44}}],"line":187},"24":{"loc":{"start":{"line":197,"column":12},"end":{"line":216,"column":13}},"type":"if","locations":[{"start":{"line":197,"column":12},"end":{"line":216,"column":13}},{"start":{"line":197,"column":12},"end":{"line":216,"column":13}}],"line":197},"25":{"loc":{"start":{"line":200,"column":18},"end":{"line":216,"column":13}},"type":"if","locations":[{"start":{"line":200,"column":18},"end":{"line":216,"column":13}},{"start":{"line":200,"column":18},"end":{"line":216,"column":13}}],"line":200},"26":{"loc":{"start":{"line":209,"column":20},"end":{"line":214,"column":21}},"type":"if","locations":[{"start":{"line":209,"column":20},"end":{"line":214,"column":21}},{"start":{"line":209,"column":20},"end":{"line":214,"column":21}}],"line":209},"27":{"loc":{"start":{"line":233,"column":17},"end":{"line":233,"column":53}},"type":"cond-expr","locations":[{"start":{"line":233,"column":34},"end":{"line":233,"column":48}},{"start":{"line":233,"column":51},"end":{"line":233,"column":53}}],"line":233},"28":{"loc":{"start":{"line":234,"column":17},"end":{"line":234,"column":53}},"type":"cond-expr","locations":[{"start":{"line":234,"column":34},"end":{"line":234,"column":48}},{"start":{"line":234,"column":51},"end":{"line":234,"column":53}}],"line":234},"29":{"loc":{"start":{"line":236,"column":4},"end":{"line":272,"column":5}},"type":"if","locations":[{"start":{"line":236,"column":4},"end":{"line":272,"column":5}},{"start":{"line":236,"column":4},"end":{"line":272,"column":5}}],"line":236},"30":{"loc":{"start":{"line":236,"column":8},"end":{"line":236,"column":48}},"type":"binary-expr","locations":[{"start":{"line":236,"column":8},"end":{"line":236,"column":22}},{"start":{"line":236,"column":26},"end":{"line":236,"column":48}}],"line":236},"31":{"loc":{"start":{"line":238,"column":20},"end":{"line":238,"column":64}},"type":"cond-expr","locations":[{"start":{"line":238,"column":41},"end":{"line":238,"column":59}},{"start":{"line":238,"column":62},"end":{"line":238,"column":64}}],"line":238},"32":{"loc":{"start":{"line":249,"column":12},"end":{"line":254,"column":13}},"type":"if","locations":[{"start":{"line":249,"column":12},"end":{"line":254,"column":13}},{"start":{"line":249,"column":12},"end":{"line":254,"column":13}}],"line":249},"33":{"loc":{"start":{"line":265,"column":12},"end":{"line":270,"column":13}},"type":"if","locations":[{"start":{"line":265,"column":12},"end":{"line":270,"column":13}},{"start":{"line":265,"column":12},"end":{"line":270,"column":13}}],"line":265},"34":{"loc":{"start":{"line":282,"column":17},"end":{"line":282,"column":62}},"type":"cond-expr","locations":[{"start":{"line":282,"column":39},"end":{"line":282,"column":58}},{"start":{"line":282,"column":61},"end":{"line":282,"column":62}}],"line":282},"35":{"loc":{"start":{"line":283,"column":18},"end":{"line":283,"column":67}},"type":"cond-expr","locations":[{"start":{"line":283,"column":41},"end":{"line":283,"column":61}},{"start":{"line":283,"column":64},"end":{"line":283,"column":67}}],"line":283},"36":{"loc":{"start":{"line":284,"column":17},"end":{"line":284,"column":68}},"type":"cond-expr","locations":[{"start":{"line":284,"column":42},"end":{"line":284,"column":64}},{"start":{"line":284,"column":67},"end":{"line":284,"column":68}}],"line":284},"37":{"loc":{"start":{"line":285,"column":18},"end":{"line":285,"column":73}},"type":"cond-expr","locations":[{"start":{"line":285,"column":44},"end":{"line":285,"column":67}},{"start":{"line":285,"column":70},"end":{"line":285,"column":73}}],"line":285},"38":{"loc":{"start":{"line":286,"column":17},"end":{"line":286,"column":53}},"type":"cond-expr","locations":[{"start":{"line":286,"column":34},"end":{"line":286,"column":48}},{"start":{"line":286,"column":51},"end":{"line":286,"column":53}}],"line":286},"39":{"loc":{"start":{"line":287,"column":20},"end":{"line":287,"column":70}},"type":"cond-expr","locations":[{"start":{"line":287,"column":44},"end":{"line":287,"column":65}},{"start":{"line":287,"column":68},"end":{"line":287,"column":70}}],"line":287},"40":{"loc":{"start":{"line":288,"column":17},"end":{"line":288,"column":53}},"type":"cond-expr","locations":[{"start":{"line":288,"column":34},"end":{"line":288,"column":48}},{"start":{"line":288,"column":51},"end":{"line":288,"column":53}}],"line":288},"41":{"loc":{"start":{"line":290,"column":4},"end":{"line":328,"column":5}},"type":"if","locations":[{"start":{"line":290,"column":4},"end":{"line":328,"column":5}},{"start":{"line":290,"column":4},"end":{"line":328,"column":5}}],"line":290},"42":{"loc":{"start":{"line":290,"column":8},"end":{"line":290,"column":48}},"type":"binary-expr","locations":[{"start":{"line":290,"column":8},"end":{"line":290,"column":22}},{"start":{"line":290,"column":26},"end":{"line":290,"column":48}}],"line":290},"43":{"loc":{"start":{"line":292,"column":20},"end":{"line":292,"column":64}},"type":"cond-expr","locations":[{"start":{"line":292,"column":41},"end":{"line":292,"column":59}},{"start":{"line":292,"column":62},"end":{"line":292,"column":64}}],"line":292},"44":{"loc":{"start":{"line":304,"column":12},"end":{"line":309,"column":13}},"type":"if","locations":[{"start":{"line":304,"column":12},"end":{"line":309,"column":13}},{"start":{"line":304,"column":12},"end":{"line":309,"column":13}}],"line":304},"45":{"loc":{"start":{"line":321,"column":12},"end":{"line":326,"column":13}},"type":"if","locations":[{"start":{"line":321,"column":12},"end":{"line":326,"column":13}},{"start":{"line":321,"column":12},"end":{"line":326,"column":13}}],"line":321}},"s":{"0":1,"1":1,"2":1,"3":1,"4":1,"5":2,"6":1,"7":1,"8":21,"9":21,"10":21,"11":21,"12":10,"13":11,"14":10,"15":10,"16":1,"17":1,"18":1,"19":0,"20":0,"21":0,"22":0,"23":0,"24":0,"25":0,"26":0,"27":1,"28":1,"29":0,"30":0,"31":1,"32":1,"33":1,"34":0,"35":0,"36":0,"37":0,"38":0,"39":0,"40":0,"41":0,"42":0,"43":1,"44":1,"45":0,"46":0,"47":1,"48":1,"49":1,"50":1,"51":1,"52":1,"53":1,"54":0,"55":0,"56":1,"57":0,"58":2,"59":2,"60":2,"61":2,"62":2,"63":0,"64":0,"65":2,"66":1,"67":1,"68":1,"69":1,"70":0,"71":0,"72":1,"73":0,"74":1,"75":1,"76":1,"77":0,"78":0,"79":0,"80":0,"81":0,"82":0,"83":0,"84":0,"85":1,"86":1,"87":0,"88":0,"89":1,"90":1,"91":1,"92":1,"93":1,"94":1,"95":1,"96":1,"97":1,"98":0,"99":0,"100":0,"101":0,"102":0,"103":0,"104":0,"105":0,"106":1,"107":1,"108":0,"109":0,"110":1,"111":1},"f":{"0":2,"1":21,"2":1,"3":0,"4":1,"5":1,"6":0,"7":1,"8":1,"9":1,"10":2,"11":2,"12":1,"13":1,"14":0,"15":1,"16":1,"17":0,"18":1},"b":{"0":[1,1],"1":[10,11],"2":[10,11],"3":[10,1],"4":[1,0],"5":[0,1],"6":[1,0],"7":[0,0],"8":[0,0],"9":[0,0],"10":[0,1],"11":[1,0],"12":[0,1],"13":[1,0],"14":[0,0],"15":[0,0],"16":[0,0],"17":[0,1],"18":[1,0],"19":[1,0],"20":[1,1],"21":[0,1],"22":[2,0],"23":[2,2],"24":[0,2],"25":[1,1],"26":[0,1],"27":[1,0],"28":[1,0],"29":[0,1],"30":[1,0],"31":[0,0],"32":[0,0],"33":[0,1],"34":[0,1],"35":[0,1],"36":[0,1],"37":[0,1],"38":[1,0],"39":[1,0],"40":[1,0],"41":[0,1],"42":[1,0],"43":[0,0],"44":[0,0],"45":[0,1]},"_coverageSchema":"1a1c01bbd47fc00a2c39e90264f33305004495a9","hash":"2cdf6fa80affec28f16258f7f4e8d4f017410e23"}
,"/Users/jinxu/Desktop/0MS1Student/server/server.js": {"path":"/Users/jinxu/Desktop/0MS1Student/server/server.js","statementMap":{"0":{"start":{"line":1,"column":16},"end":{"line":1,"column":34}},"1":{"start":{"line":2,"column":19},"end":{"line":2,"column":35}},"2":{"start":{"line":5,"column":15},"end":{"line":5,"column":34}},"3":{"start":{"line":6,"column":15},"end":{"line":6,"column":39}},"4":{"start":{"line":8,"column":12},"end":{"line":8,"column":21}},"5":{"start":{"line":11,"column":0},"end":{"line":11,"column":31}},"6":{"start":{"line":14,"column":0},"end":{"line":14,"column":41}},"7":{"start":{"line":17,"column":0},"end":{"line":17,"column":47}},"8":{"start":{"line":20,"column":0},"end":{"line":20,"column":39}},"9":{"start":{"line":23,"column":0},"end":{"line":23,"column":31}},"10":{"start":{"line":26,"column":0},"end":{"line":26,"column":33}},"11":{"start":{"line":29,"column":0},"end":{"line":29,"column":49}},"12":{"start":{"line":32,"column":0},"end":{"line":32,"column":49}},"13":{"start":{"line":38,"column":0},"end":{"line":40,"column":3}},"14":{"start":{"line":39,"column":4},"end":{"line":39,"column":89}},"15":{"start":{"line":42,"column":0},"end":{"line":42,"column":21}}},"fnMap":{"0":{"name":"(anonymous_0)","decl":{"start":{"line":38,"column":31},"end":{"line":38,"column":32}},"loc":{"start":{"line":38,"column":37},"end":{"line":40,"column":1}},"line":38}},"branchMap":{},"s":{"0":1,"1":1,"2":1,"3":1,"4":1,"5":1,"6":1,"7":1,"8":1,"9":1,"10":1,"11":1,"12":1,"13":1,"14":1,"15":1},"f":{"0":1},"b":{},"_coverageSchema":"1a1c01bbd47fc00a2c39e90264f33305004495a9","hash":"baf81a9e3d2f67d683e2e91996769e0fac1fc8bf"}
}
