TN:
SF:routes.js
FN:21,hello
FN:36,jersey
FN:60,all_matches
FN:79,(anonymous_3)
FN:95,(anonymous_4)
FN:108,all_players
FN:119,(anonymous_6)
FN:134,(anonymous_7)
FN:153,match
FN:164,(anonymous_9)
FN:185,player
FN:195,(anonymous_11)
FN:208,(anonymous_12)
FN:230,search_matches
FN:247,(anonymous_14)
FN:263,(anonymous_15)
FN:279,search_players
FN:302,(anonymous_17)
FN:319,(anonymous_18)
FNF:19
FNH:15
FNDA:2,hello
FNDA:21,jersey
FNDA:1,all_matches
FNDA:0,(anonymous_3)
FNDA:1,(anonymous_4)
FNDA:1,all_players
FNDA:0,(anonymous_6)
FNDA:1,(anonymous_7)
FNDA:1,match
FNDA:1,(anonymous_9)
FNDA:2,player
FNDA:2,(anonymous_11)
FNDA:1,(anonymous_12)
FNDA:1,search_matches
FNDA:0,(anonymous_14)
FNDA:1,(anonymous_15)
FNDA:1,search_players
FNDA:0,(anonymous_17)
FNDA:1,(anonymous_18)
DA:1,1
DA:2,1
DA:3,1
DA:6,1
DA:13,1
DA:23,2
DA:24,1
DA:26,1
DA:37,21
DA:38,21
DA:39,21
DA:41,21
DA:43,10
DA:44,11
DA:45,10
DA:47,10
DA:50,1
DA:65,1
DA:68,1
DA:72,0
DA:73,0
DA:75,0
DA:81,0
DA:82,0
DA:83,0
DA:84,0
DA:85,0
DA:92,1
DA:97,1
DA:98,0
DA:99,0
DA:100,1
DA:101,1
DA:111,1
DA:113,0
DA:114,0
DA:115,0
DA:119,0
DA:121,0
DA:122,0
DA:123,0
DA:124,0
DA:125,0
DA:132,1
DA:136,1
DA:137,0
DA:138,0
DA:139,1
DA:140,1
DA:155,1
DA:157,1
DA:158,1
DA:164,1
DA:166,1
DA:167,0
DA:168,0
DA:170,1
DA:175,0
DA:187,2
DA:189,2
DA:190,2
DA:195,2
DA:197,2
DA:198,0
DA:199,0
DA:200,2
DA:201,1
DA:203,1
DA:208,1
DA:209,1
DA:210,0
DA:211,0
DA:213,1
DA:220,0
DA:233,1
DA:234,1
DA:236,1
DA:238,0
DA:239,0
DA:241,0
DA:247,0
DA:249,0
DA:250,0
DA:251,0
DA:253,0
DA:260,1
DA:265,1
DA:266,0
DA:267,0
DA:269,1
DA:282,1
DA:283,1
DA:284,1
DA:285,1
DA:286,1
DA:287,1
DA:288,1
DA:290,1
DA:292,0
DA:293,0
DA:295,0
DA:302,0
DA:304,0
DA:305,0
DA:306,0
DA:308,0
DA:315,1
DA:321,1
DA:322,0
DA:323,0
DA:325,1
DA:332,1
LF:112
LH:63
BRDA:23,0,0,1
BRDA:23,0,1,1
BRDA:39,1,0,10
BRDA:39,1,1,11
BRDA:41,2,0,10
BRDA:41,2,1,11
BRDA:44,3,0,10
BRDA:44,3,1,1
BRDA:65,4,0,1
BRDA:65,4,1,0
BRDA:68,5,0,0
BRDA:68,5,1,1
BRDA:68,6,0,1
BRDA:68,6,1,0
BRDA:72,7,0,0
BRDA:72,7,1,0
BRDA:81,8,0,0
BRDA:81,8,1,0
BRDA:84,9,0,0
BRDA:84,9,1,0
BRDA:97,10,0,0
BRDA:97,10,1,1
BRDA:100,11,0,1
BRDA:100,11,1,0
BRDA:111,12,0,0
BRDA:111,12,1,1
BRDA:111,13,0,1
BRDA:111,13,1,0
BRDA:113,14,0,0
BRDA:113,14,1,0
BRDA:121,15,0,0
BRDA:121,15,1,0
BRDA:124,16,0,0
BRDA:124,16,1,0
BRDA:136,17,0,0
BRDA:136,17,1,1
BRDA:139,18,0,1
BRDA:139,18,1,0
BRDA:155,19,0,1
BRDA:155,19,1,0
BRDA:155,20,0,1
BRDA:155,20,1,1
BRDA:166,21,0,0
BRDA:166,21,1,1
BRDA:187,22,0,2
BRDA:187,22,1,0
BRDA:187,23,0,2
BRDA:187,23,1,2
BRDA:197,24,0,0
BRDA:197,24,1,2
BRDA:200,25,0,1
BRDA:200,25,1,1
BRDA:209,26,0,0
BRDA:209,26,1,1
BRDA:233,27,0,1
BRDA:233,27,1,0
BRDA:234,28,0,1
BRDA:234,28,1,0
BRDA:236,29,0,0
BRDA:236,29,1,1
BRDA:236,30,0,1
BRDA:236,30,1,0
BRDA:238,31,0,0
BRDA:238,31,1,0
BRDA:249,32,0,0
BRDA:249,32,1,0
BRDA:265,33,0,0
BRDA:265,33,1,1
BRDA:282,34,0,0
BRDA:282,34,1,1
BRDA:283,35,0,0
BRDA:283,35,1,1
BRDA:284,36,0,0
BRDA:284,36,1,1
BRDA:285,37,0,0
BRDA:285,37,1,1
BRDA:286,38,0,1
BRDA:286,38,1,0
BRDA:287,39,0,1
BRDA:287,39,1,0
BRDA:288,40,0,1
BRDA:288,40,1,0
BRDA:290,41,0,0
BRDA:290,41,1,1
BRDA:290,42,0,1
BRDA:290,42,1,0
BRDA:292,43,0,0
BRDA:292,43,1,0
BRDA:304,44,0,0
BRDA:304,44,1,0
BRDA:321,45,0,0
BRDA:321,45,1,1
BRF:92
BRH:43
end_of_record
TN:
SF:server.js
FN:38,(anonymous_0)
FNF:1
FNH:1
FNDA:1,(anonymous_0)
DA:1,1
DA:2,1
DA:5,1
DA:6,1
DA:8,1
DA:11,1
DA:14,1
DA:17,1
DA:20,1
DA:23,1
DA:26,1
DA:29,1
DA:32,1
DA:38,1
DA:39,1
DA:42,1
LF:16
LH:16
BRF:0
BRH:0
end_of_record
